<?xml version="1.0" encoding="UTF-8"?>
<testsuite xmlns:xsi="http://www.w3.org/2001/XMLSchema-instance" xsi:noNamespaceSchemaLocation="https://maven.apache.org/surefire/maven-surefire-plugin/xsd/surefire-test-report.xsd" name="senla.addressbook.tests.TestAddressBook" time="10.125" tests="4" errors="0" skipped="0" failures="0">
  <properties>
[...]
</properties>
  <testcase name="testLogin" classname="senla.addressbook.tests.TestAddressBook" time="1.774"/>
  <testcase name="testDeleteAddress" classname="senla.addressbook.tests.TestAddressBook" time="1.764"/>
  <testcase name="testAddAddress" classname="senla.addressbook.tests.TestAddressBook" time="2.349"/>
  <testcase name="testLogout" classname="senla.addressbook.tests.TestAddressBook" time="0.35"/>
</testsuite>